2017/01/24 15:54:56 INFO  - jmeter.util.JMeterUtils: Setting Locale to en_US 
2017/01/24 15:54:56 INFO  - jmeter.JMeter: Loading user properties from: /Users/jamie/Downloads/apache-jmeter-2.13/bin/user.properties 
2017/01/24 15:54:56 INFO  - jmeter.JMeter: Loading system properties from: /Users/jamie/Downloads/apache-jmeter-2.13/bin/system.properties 
2017/01/24 15:54:56 INFO  - jmeter.JMeter: Copyright (c) 1998-2015 The Apache Software Foundation 
2017/01/24 15:54:56 INFO  - jmeter.JMeter: Version 2.13 r1665067 
2017/01/24 15:54:56 INFO  - jmeter.JMeter: java.version=1.8.0_45 
2017/01/24 15:54:56 INFO  - jmeter.JMeter: java.vm.name=Java HotSpot(TM) 64-Bit Server VM 
2017/01/24 15:54:56 INFO  - jmeter.JMeter: os.name=Mac OS X 
2017/01/24 15:54:56 INFO  - jmeter.JMeter: os.arch=x86_64 
2017/01/24 15:54:56 INFO  - jmeter.JMeter: os.version=10.12.2 
2017/01/24 15:54:56 INFO  - jmeter.JMeter: file.encoding=UTF-8 
2017/01/24 15:54:56 INFO  - jmeter.JMeter: Default Locale=English (United States) 
2017/01/24 15:54:56 INFO  - jmeter.JMeter: JMeter  Locale=English (United States) 
2017/01/24 15:54:56 INFO  - jmeter.JMeter: JMeterHome=/Users/jamie/Downloads/apache-jmeter-2.13 
2017/01/24 15:54:56 INFO  - jmeter.JMeter: user.dir  =/Users/jamie/Projects/Apcera/GitRepo/presales-demos/example-node-todo-map 
2017/01/24 15:54:56 INFO  - jmeter.JMeter: PWD       =/Users/jamie/Projects/Apcera/GitRepo/presales-demos/example-node-todo-map 
2017/01/24 15:54:56 INFO  - jmeter.JMeter: IP: 192.168.1.53 Name: orion.jamieandamy.com FullName: orion.jamieandamy.com 
2017/01/24 15:54:56 INFO  - jmeter.gui.action.LookAndFeelCommand: Using look and feel: com.apple.laf.AquaLookAndFeel [Mac OS X, System] 
2017/01/24 15:54:56 INFO  - jmeter.JMeter: Loaded icon properties from org/apache/jmeter/images/icon.properties 
2017/01/24 15:54:58 INFO  - jmeter.engine.util.CompoundVariable: Note: Function class names must contain the string: '.functions.' 
2017/01/24 15:54:58 INFO  - jmeter.engine.util.CompoundVariable: Note: Function class names must not contain the string: '.gui.' 
2017/01/24 15:54:58 INFO  - jmeter.JMeter: Loading file: /Users/jamie/Downloads/apache-jmeter-2.13/LoadTodoApp.jmx 
2017/01/24 15:54:58 INFO  - jmeter.services.FileServer: Default base='/Users/jamie/Projects/Apcera/GitRepo/presales-demos/example-node-todo-map' 
2017/01/24 15:54:58 INFO  - jmeter.services.FileServer: Set new base='/Users/jamie/Downloads/apache-jmeter-2.13' 
2017/01/24 15:54:58 INFO  - jmeter.util.BSFTestElement: Registering JMeter version of JavaScript engine as work-round for BSF-22 
2017/01/24 15:54:58 INFO  - jmeter.save.SaveService: Testplan (JMX) version: 2.2. Testlog (JTL) version: 2.2 
2017/01/24 15:54:58 INFO  - jmeter.save.SaveService: Using SaveService properties file encoding UTF-8 
2017/01/24 15:54:58 INFO  - jmeter.save.SaveService: Using SaveService properties file version 1656252 
2017/01/24 15:54:58 INFO  - jmeter.save.SaveService: Using SaveService properties version 2.8 
2017/01/24 15:54:58 INFO  - jmeter.save.SaveService: All converter versions present and correct 
2017/01/24 15:54:58 INFO  - jmeter.save.SaveService: Loading file: /Users/jamie/Downloads/apache-jmeter-2.13/LoadTodoApp.jmx 
2017/01/24 15:54:58 INFO  - jmeter.protocol.http.sampler.HTTPSamplerBase: Cannot find .className property for htmlParser, using default 
2017/01/24 15:54:58 INFO  - jmeter.protocol.http.sampler.HTTPSamplerBase: Parser for text/html is  
2017/01/24 15:54:58 INFO  - jmeter.protocol.http.sampler.HTTPSamplerBase: Parser for application/xhtml+xml is  
2017/01/24 15:54:58 INFO  - jmeter.protocol.http.sampler.HTTPSamplerBase: Parser for application/xml is  
2017/01/24 15:54:58 INFO  - jmeter.protocol.http.sampler.HTTPSamplerBase: Parser for text/xml is  
2017/01/24 15:54:58 INFO  - jmeter.protocol.http.sampler.HTTPSamplerBase: Parser for text/vnd.wap.wml is org.apache.jmeter.protocol.http.parser.RegexpHTMLParser 
2017/01/24 15:54:58 INFO  - jmeter.services.FileServer: Set new base='/Users/jamie/Downloads/apache-jmeter-2.13' 
2017/01/24 15:54:58 INFO  - jmeter.gui.util.MenuFactory: Skipping org.apache.jmeter.protocol.http.control.gui.WebServiceSamplerGui 
2017/01/24 15:54:58 INFO  - jmeter.gui.util.MenuFactory: Skipping org.apache.jmeter.protocol.http.modifier.gui.ParamModifierGui 
2017/01/24 15:54:59 INFO  - jorphan.exec.KeyToolUtils: keytool found at 'keytool' 
2017/01/24 15:54:59 INFO  - jmeter.protocol.http.proxy.ProxyControl: HTTP(S) Test Script Recorder SSL Proxy will use keys that support embedded 3rd party resources in file /Users/jamie/Downloads/apache-jmeter-2.13/bin/proxyserver.jks 
2017/01/24 15:54:59 INFO  - jmeter.samplers.SampleResult: Note: Sample TimeStamps are START times 
2017/01/24 15:54:59 INFO  - jmeter.samplers.SampleResult: sampleresult.default.encoding is set to ISO-8859-1 
2017/01/24 15:54:59 INFO  - jmeter.samplers.SampleResult: sampleresult.useNanoTime=true 
2017/01/24 15:54:59 INFO  - jmeter.samplers.SampleResult: sampleresult.nanoThreadSleep=5000 
2017/01/24 15:55:20 INFO  - jmeter.engine.StandardJMeterEngine: Listeners will be started after enabling running version 
2017/01/24 15:55:20 INFO  - jmeter.engine.StandardJMeterEngine: To revert to the earlier behaviour, define jmeterengine.startlistenerslater=false 
2017/01/24 15:55:20 INFO  - jmeter.engine.StandardJMeterEngine: Running the test! 
2017/01/24 15:55:20 INFO  - jmeter.samplers.SampleEvent: List of sample_variables: [] 
2017/01/24 15:55:20 INFO  - jmeter.samplers.SampleEvent: List of sample_variables: [] 
2017/01/24 15:55:20 INFO  - jmeter.gui.util.JMeterMenuBar: setRunning(true,*local*) 
2017/01/24 15:55:20 INFO  - jmeter.engine.StandardJMeterEngine: Starting ThreadGroup: 1 : Thread Group 
2017/01/24 15:55:20 INFO  - jmeter.engine.StandardJMeterEngine: Starting 5 threads for group Thread Group. 
2017/01/24 15:55:20 INFO  - jmeter.engine.StandardJMeterEngine: Thread will continue on error 
2017/01/24 15:55:20 INFO  - jmeter.threads.ThreadGroup: Starting thread group number 1 threads 5 ramp-up 10 perThread 2000.0 delayedStart=false 
2017/01/24 15:55:20 INFO  - jmeter.threads.JMeterThread: jmeterthread.startearlier=true (see jmeter.properties) 
2017/01/24 15:55:20 INFO  - jmeter.threads.JMeterThread: Running PostProcessors in forward order 
2017/01/24 15:55:20 INFO  - jmeter.threads.JMeterThread: Thread started: Thread Group 1-1 
2017/01/24 15:55:20 INFO  - jmeter.threads.ThreadGroup: Started thread group number 1 
2017/01/24 15:55:20 INFO  - jmeter.engine.StandardJMeterEngine: All thread groups have been started 
2017/01/24 15:55:20 INFO  - jmeter.protocol.http.sampler.HTTPHCAbstractImpl: Local host = orion.jamieandamy.com 
2017/01/24 15:55:20 INFO  - jmeter.protocol.http.sampler.HTTPHC4Impl: HTTP request retry count = 0 
2017/01/24 15:55:20 INFO  - jmeter.protocol.http.sampler.HTTPHC4Impl: Setting up HTTPS TrustAll scheme 
2017/01/24 15:55:20 INFO  - jmeter.util.JsseSSLManager: Using default SSL protocol: TLS 
2017/01/24 15:55:20 INFO  - jmeter.util.JsseSSLManager: SSL session context: per-thread 
2017/01/24 15:55:22 INFO  - jmeter.threads.JMeterThread: Thread started: Thread Group 1-2 
2017/01/24 15:55:24 INFO  - jmeter.threads.JMeterThread: Thread started: Thread Group 1-3 
2017/01/24 15:55:26 INFO  - jmeter.threads.JMeterThread: Thread started: Thread Group 1-4 
2017/01/24 15:55:28 INFO  - jmeter.threads.JMeterThread: Thread started: Thread Group 1-5 
2017/01/24 15:56:21 INFO  - jmeter.gui.action.Start: Stopping test 
2017/01/24 15:56:21 INFO  - jmeter.threads.JMeterThread: Stopping: Thread Group 1-1 
2017/01/24 15:56:21 WARN  - jmeter.threads.JMeterThread: Interrupting: Thread Group 1-1 sampler: HTTP Request 
2017/01/24 15:56:21 INFO  - jmeter.threads.JMeterThread: Stopping: Thread Group 1-2 
2017/01/24 15:56:21 WARN  - jmeter.threads.JMeterThread: Interrupting: Thread Group 1-2 sampler: HTTP Request 
2017/01/24 15:56:21 INFO  - jmeter.threads.JMeterThread: Stopping: Thread Group 1-3 
2017/01/24 15:56:21 WARN  - jmeter.threads.JMeterThread: Interrupting: Thread Group 1-3 sampler: HTTP Request 
2017/01/24 15:56:21 INFO  - jmeter.threads.JMeterThread: Stopping: Thread Group 1-5 
2017/01/24 15:56:21 WARN  - jmeter.threads.JMeterThread: Interrupting: Thread Group 1-5 sampler: HTTP Request 
2017/01/24 15:56:21 INFO  - jmeter.threads.JMeterThread: Stopping: Thread Group 1-4 
2017/01/24 15:56:21 WARN  - jmeter.threads.JMeterThread: Interrupting: Thread Group 1-4 sampler: HTTP Request 
2017/01/24 15:56:21 WARN  - jmeter.util.JMeterUtils: Interrupted in thread Thread Group 1-3 java.lang.InterruptedException
	at java.lang.Object.wait(Native Method)
	at java.lang.Object.wait(Object.java:502)
	at java.awt.EventQueue.invokeAndWait(EventQueue.java:1313)
	at java.awt.EventQueue.invokeAndWait(EventQueue.java:1294)
	at javax.swing.SwingUtilities.invokeAndWait(SwingUtilities.java:1348)
	at org.apache.jmeter.util.JMeterUtils.runSafe(JMeterUtils.java:1322)
	at org.apache.jmeter.visualizers.TableVisualizer.add(TableVisualizer.java:169)
	at org.apache.jmeter.reporters.ResultCollector.sendToVisualizer(ResultCollector.java:595)
	at org.apache.jmeter.reporters.ResultCollector.sampleOccurred(ResultCollector.java:571)
	at org.apache.jmeter.threads.ListenerNotifier.notifyListeners(ListenerNotifier.java:84)
	at org.apache.jmeter.threads.JMeterThread.notifyListeners(JMeterThread.java:796)
	at org.apache.jmeter.threads.JMeterThread.process_sampler(JMeterThread.java:456)
	at org.apache.jmeter.threads.JMeterThread.run(JMeterThread.java:261)
	at java.lang.Thread.run(Thread.java:745)

2017/01/24 15:56:21 WARN  - jmeter.util.JMeterUtils: Interrupted in thread Thread Group 1-4 java.lang.InterruptedException
	at java.lang.Object.wait(Native Method)
	at java.lang.Object.wait(Object.java:502)
	at java.awt.EventQueue.invokeAndWait(EventQueue.java:1313)
	at java.awt.EventQueue.invokeAndWait(EventQueue.java:1294)
	at javax.swing.SwingUtilities.invokeAndWait(SwingUtilities.java:1348)
	at org.apache.jmeter.util.JMeterUtils.runSafe(JMeterUtils.java:1322)
	at org.apache.jmeter.visualizers.TableVisualizer.add(TableVisualizer.java:169)
	at org.apache.jmeter.reporters.ResultCollector.sendToVisualizer(ResultCollector.java:595)
	at org.apache.jmeter.reporters.ResultCollector.sampleOccurred(ResultCollector.java:571)
	at org.apache.jmeter.threads.ListenerNotifier.notifyListeners(ListenerNotifier.java:84)
	at org.apache.jmeter.threads.JMeterThread.notifyListeners(JMeterThread.java:796)
	at org.apache.jmeter.threads.JMeterThread.process_sampler(JMeterThread.java:456)
	at org.apache.jmeter.threads.JMeterThread.run(JMeterThread.java:261)
	at java.lang.Thread.run(Thread.java:745)

2017/01/24 15:56:21 WARN  - jmeter.util.JMeterUtils: Interrupted in thread Thread Group 1-2 java.lang.InterruptedException
	at java.lang.Object.wait(Native Method)
	at java.lang.Object.wait(Object.java:502)
	at java.awt.EventQueue.invokeAndWait(EventQueue.java:1313)
	at java.awt.EventQueue.invokeAndWait(EventQueue.java:1294)
	at javax.swing.SwingUtilities.invokeAndWait(SwingUtilities.java:1348)
	at org.apache.jmeter.util.JMeterUtils.runSafe(JMeterUtils.java:1322)
	at org.apache.jmeter.visualizers.TableVisualizer.add(TableVisualizer.java:169)
	at org.apache.jmeter.reporters.ResultCollector.sendToVisualizer(ResultCollector.java:595)
	at org.apache.jmeter.reporters.ResultCollector.sampleOccurred(ResultCollector.java:571)
	at org.apache.jmeter.threads.ListenerNotifier.notifyListeners(ListenerNotifier.java:84)
	at org.apache.jmeter.threads.JMeterThread.notifyListeners(JMeterThread.java:796)
	at org.apache.jmeter.threads.JMeterThread.process_sampler(JMeterThread.java:456)
	at org.apache.jmeter.threads.JMeterThread.run(JMeterThread.java:261)
	at java.lang.Thread.run(Thread.java:745)

2017/01/24 15:56:21 WARN  - jmeter.util.JMeterUtils: Interrupted in thread Thread Group 1-5 java.lang.InterruptedException
	at java.lang.Object.wait(Native Method)
	at java.lang.Object.wait(Object.java:502)
	at java.awt.EventQueue.invokeAndWait(EventQueue.java:1313)
	at java.awt.EventQueue.invokeAndWait(EventQueue.java:1294)
	at javax.swing.SwingUtilities.invokeAndWait(SwingUtilities.java:1348)
	at org.apache.jmeter.util.JMeterUtils.runSafe(JMeterUtils.java:1322)
	at org.apache.jmeter.visualizers.TableVisualizer.add(TableVisualizer.java:169)
	at org.apache.jmeter.reporters.ResultCollector.sendToVisualizer(ResultCollector.java:595)
	at org.apache.jmeter.reporters.ResultCollector.sampleOccurred(ResultCollector.java:571)
	at org.apache.jmeter.threads.ListenerNotifier.notifyListeners(ListenerNotifier.java:84)
	at org.apache.jmeter.threads.JMeterThread.notifyListeners(JMeterThread.java:796)
	at org.apache.jmeter.threads.JMeterThread.process_sampler(JMeterThread.java:456)
	at org.apache.jmeter.threads.JMeterThread.run(JMeterThread.java:261)
	at java.lang.Thread.run(Thread.java:745)

2017/01/24 15:56:21 WARN  - jmeter.util.JMeterUtils: Interrupted in thread Thread Group 1-1 java.lang.InterruptedException
	at java.lang.Object.wait(Native Method)
	at java.lang.Object.wait(Object.java:502)
	at java.awt.EventQueue.invokeAndWait(EventQueue.java:1313)
	at java.awt.EventQueue.invokeAndWait(EventQueue.java:1294)
	at javax.swing.SwingUtilities.invokeAndWait(SwingUtilities.java:1348)
	at org.apache.jmeter.util.JMeterUtils.runSafe(JMeterUtils.java:1322)
	at org.apache.jmeter.visualizers.TableVisualizer.add(TableVisualizer.java:169)
	at org.apache.jmeter.reporters.ResultCollector.sendToVisualizer(ResultCollector.java:595)
	at org.apache.jmeter.reporters.ResultCollector.sampleOccurred(ResultCollector.java:571)
	at org.apache.jmeter.threads.ListenerNotifier.notifyListeners(ListenerNotifier.java:84)
	at org.apache.jmeter.threads.JMeterThread.notifyListeners(JMeterThread.java:796)
	at org.apache.jmeter.threads.JMeterThread.process_sampler(JMeterThread.java:456)
	at org.apache.jmeter.threads.JMeterThread.run(JMeterThread.java:261)
	at java.lang.Thread.run(Thread.java:745)

2017/01/24 15:56:21 INFO  - jmeter.threads.JMeterThread: Thread finished: Thread Group 1-5 
2017/01/24 15:56:21 INFO  - jmeter.threads.JMeterThread: Thread finished: Thread Group 1-2 
2017/01/24 15:56:21 INFO  - jmeter.threads.JMeterThread: Thread finished: Thread Group 1-4 
2017/01/24 15:56:21 INFO  - jmeter.threads.JMeterThread: Thread finished: Thread Group 1-3 
2017/01/24 15:56:21 INFO  - jmeter.threads.JMeterThread: Thread finished: Thread Group 1-1 
2017/01/24 15:56:21 INFO  - jmeter.engine.StandardJMeterEngine: Notifying test listeners of end of test 
2017/01/24 15:56:21 INFO  - jmeter.gui.util.JMeterMenuBar: setRunning(false,*local*) 
